<?xml version="1.0" encoding="UTF-8"?>
<!-- Generated by org.testng.reporters.JUnitReportReporter -->
<testsuite skipped="0" hostname="LAPTOP-INOVJLH7" name="com.cs.qa.cucumber.runner.CucumberTestNGTestRunner_P1" tests="7" failures="0" timestamp="2022-10-30T16:09:38 EET" time="62.877" errors="0">
  <testcase name="runScenario" time="8.563" classname="com.cs.qa.cucumber.runner.CucumberTestNGTestRunner_P1"/>
  <system-out/>
  <testcase name="runScenario" time="8.268" classname="com.cs.qa.cucumber.runner.CucumberTestNGTestRunner_P1"/>
  <system-out/>
  <testcase name="runScenario" time="9.749" classname="com.cs.qa.cucumber.runner.CucumberTestNGTestRunner_P1"/>
  <system-out/>
  <testcase name="runScenario" time="7.284" classname="com.cs.qa.cucumber.runner.CucumberTestNGTestRunner_P1"/>
  <system-out/>
  <testcase name="runScenario" time="9.186" classname="com.cs.qa.cucumber.runner.CucumberTestNGTestRunner_P1"/>
  <system-out/>
  <testcase name="runScenario" time="8.570" classname="com.cs.qa.cucumber.runner.CucumberTestNGTestRunner_P1"/>
  <system-out/>
  <testcase name="runScenario" time="11.257" classname="com.cs.qa.cucumber.runner.CucumberTestNGTestRunner_P1"/>
  <system-out/>
</testsuite> <!-- com.cs.qa.cucumber.runner.CucumberTestNGTestRunner_P1 -->
