<?xml version="1.0" encoding="UTF-8"?>
<!-- Generated by org.testng.reporters.JUnitReportReporter -->
<testsuite skipped="0" hostname="LAPTOP-INOVJLH7" name="com.cs.qa.cucumber.runner.CucumberTestNGTestRunner_P2" tests="4" failures="0" timestamp="2022-10-30T16:09:38 EET" time="2.609" errors="0">
  <testcase name="runScenario" time="1.647" classname="com.cs.qa.cucumber.runner.CucumberTestNGTestRunner_P2"/>
  <system-out/>
  <testcase name="runScenario" time="0.319" classname="com.cs.qa.cucumber.runner.CucumberTestNGTestRunner_P2"/>
  <system-out/>
  <testcase name="runScenario" time="0.314" classname="com.cs.qa.cucumber.runner.CucumberTestNGTestRunner_P2"/>
  <system-out/>
  <testcase name="runScenario" time="0.329" classname="com.cs.qa.cucumber.runner.CucumberTestNGTestRunner_P2"/>
  <system-out/>
</testsuite> <!-- com.cs.qa.cucumber.runner.CucumberTestNGTestRunner_P2 -->
