<?xml version="1.0" encoding="UTF-8"?>
<!-- Generated by org.testng.reporters.JUnitReportReporter -->
<testsuite skipped="0" hostname="LAPTOP-INOVJLH7" name="com.cs.qa.cucumber.runner.CucumberTestNGTestRunner" tests="4" failures="0" timestamp="2022-10-30T01:29:15 EET" time="3.381" errors="0">
  <testcase name="runScenario" time="0.365" classname="com.cs.qa.cucumber.runner.CucumberTestNGTestRunner"/>
  <system-out/>
  <testcase name="runScenario" time="2.290" classname="com.cs.qa.cucumber.runner.CucumberTestNGTestRunner"/>
  <system-out/>
  <testcase name="runScenario" time="0.333" classname="com.cs.qa.cucumber.runner.CucumberTestNGTestRunner"/>
  <system-out/>
  <testcase name="runScenario" time="0.393" classname="com.cs.qa.cucumber.runner.CucumberTestNGTestRunner"/>
  <system-out/>
</testsuite> <!-- com.cs.qa.cucumber.runner.CucumberTestNGTestRunner -->
