<?xml version="1.0" encoding="UTF-8"?>
<!-- Generated by org.testng.reporters.JUnitReportReporter -->
<testsuite skipped="0" hostname="LAPTOP-INOVJLH7" name="com.cs.qa.cucumber.runner.CucumberTestNGTestRunner_P3" tests="2" failures="0" timestamp="2022-10-30T16:09:38 EET" time="0.999" errors="0">
  <testcase name="runScenario" time="0.858" classname="com.cs.qa.cucumber.runner.CucumberTestNGTestRunner_P3"/>
  <system-out/>
  <testcase name="runScenario" time="0.141" classname="com.cs.qa.cucumber.runner.CucumberTestNGTestRunner_P3"/>
  <system-out/>
</testsuite> <!-- com.cs.qa.cucumber.runner.CucumberTestNGTestRunner_P3 -->
